[ 2017-04-22T10:14:33+08:00 ] ::1 /
INFO: [ app_init ] --START--
INFO: Run Behavior\BuildLiteBehavior [ RunTime:0.000235s ]
INFO: [ app_init ] --END-- [ RunTime:0.001141s ]
INFO: [ app_begin ] --START--
INFO: Run Behavior\ReadHtmlCacheBehavior [ RunTime:0.000637s ]
ERR: SQLSTATE[HY000] [2002] php_network_getaddresses: getaddrinfo failed: nodename nor servname provided, or not known

[ 2017-04-22T10:15:40+08:00 ] ::1 /
INFO: [ app_init ] --START--
INFO: Run Behavior\BuildLiteBehavior [ RunTime:0.000018s ]
INFO: [ app_init ] --END-- [ RunTime:0.000345s ]
INFO: [ app_begin ] --START--
INFO: Run Behavior\ReadHtmlCacheBehavior [ RunTime:0.000357s ]
ERR: SQLSTATE[HY000] [1049] Unknown database 'c79_wanganqi'

[ 2017-04-22T10:15:41+08:00 ] ::1 /
INFO: [ app_init ] --START--
INFO: Run Behavior\BuildLiteBehavior [ RunTime:0.000009s ]
INFO: [ app_init ] --END-- [ RunTime:0.000226s ]
INFO: [ app_begin ] --START--
INFO: Run Behavior\ReadHtmlCacheBehavior [ RunTime:0.000325s ]
ERR: SQLSTATE[HY000] [1049] Unknown database 'c79_wanganqi'

[ 2017-04-22T11:05:50+08:00 ] ::1 /shop/
INFO: [ app_init ] --START--
INFO: Run Behavior\BuildLiteBehavior [ RunTime:0.000017s ]
INFO: [ app_init ] --END-- [ RunTime:0.000689s ]
INFO: [ app_begin ] --START--
INFO: Run Behavior\ReadHtmlCacheBehavior [ RunTime:0.000487s ]
SQL: SHOW COLUMNS FROM `shop_config` [ RunTime:0.0075s ]
SQL: SELECT * FROM `shop_config` WHERE `id` = 1 LIMIT 1   [ RunTime:0.0009s ]
INFO: Run Common\Behaviors\AppBehavior [ RunTime:0.023302s ]
INFO: [ app_begin ] --END-- [ RunTime:0.023855s ]
SQL: SHOW COLUMNS FROM `shop_category` [ RunTime:0.0022s ]
SQL: SELECT `cid` FROM `shop_category` WHERE ( pid=0 )  [ RunTime:0.0005s ]
SQL: SELECT * FROM `shop_category`  [ RunTime:0.0006s ]
SQL: SHOW COLUMNS FROM `shop_goods` [ RunTime:0.0017s ]
SQL: SELECT `gid` FROM `shop_goods` WHERE ( cid in (2,3,4,5,6,7,14,22,1) )  [ RunTime:0.0008s ]
SQL: SELECT * FROM `shop_goods` WHERE ( gid in (1,8,7,6,5,29,30,31,32,33,34,35,36,37) )  [ RunTime:0.0007s ]
SQL: SELECT * FROM `shop_category`  [ RunTime:0.0003s ]
SQL: SELECT `gid` FROM `shop_goods` WHERE ( cid in (23,24,9) )  [ RunTime:0.0003s ]
SQL: SELECT * FROM `shop_goods` WHERE ( gid in (38,39,40,41) )  [ RunTime:0.0004s ]
SQL: SELECT * FROM `shop_category`  [ RunTime:0.0003s ]
SQL: SELECT `gid` FROM `shop_goods` WHERE ( cid in (17,18,19,20,21,10) )  [ RunTime:0.0003s ]
SQL: SELECT * FROM `shop_goods` WHERE ( gid in (9,10,11,12,13,14,15,16,17,18,19,20,21,22,23,24,25,26,27) )  [ RunTime:0.0005s ]
SQL: SELECT * FROM `shop_category`  [ RunTime:0.0003s ]
SQL: SELECT `gid` FROM `shop_goods` WHERE ( cid in (11) )  [ RunTime:0.0003s ]
SQL: SELECT * FROM `shop_category`  [ RunTime:0.0003s ]
SQL: SELECT `gid` FROM `shop_goods` WHERE ( cid in (12) )  [ RunTime:0.0002s ]
SQL: SELECT * FROM `shop_category`  [ RunTime:0.0003s ]
SQL: SELECT `gid` FROM `shop_goods` WHERE ( cid in (13) )  [ RunTime:0.0002s ]
SQL: SELECT * FROM `shop_category`  [ RunTime:0.0003s ]
SQL: SELECT `gid` FROM `shop_goods` WHERE ( cid in (15) )  [ RunTime:0.0002s ]
SQL: SELECT * FROM `shop_category`  [ RunTime:0.0003s ]
SQL: SELECT `gid` FROM `shop_goods` WHERE ( cid in (16) )  [ RunTime:0.0002s ]
SQL: SELECT * FROM `shop_goods`  [ RunTime:0.0013s ]
SQL: SELECT * FROM `shop_category`  [ RunTime:0.0007s ]
SQL: SELECT * FROM `shop_goods`  [ RunTime:0.0011s ]
INFO: [ view_parse ] --START--
INFO: [ template_filter ] --START--
INFO: Run Behavior\ContentReplaceBehavior [ RunTime:0.000281s ]
INFO: [ template_filter ] --END-- [ RunTime:0.000326s ]
NOTIC: [8] Undefined variable: seach_waq /Applications/MAMP/htdocs/shop/Runtime/Cache/Home/2a94b8bda04ff446dcedd42276fc99ee.php 第 96 行.
NOTIC: [8] Undefined variable: mynameiscart /Applications/MAMP/htdocs/shop/Runtime/Cache/Home/2a94b8bda04ff446dcedd42276fc99ee.php 第 201 行.
NOTIC: [8] Undefined index: cart /Applications/MAMP/htdocs/shop/Runtime/Cache/Home/2a94b8bda04ff446dcedd42276fc99ee.php 第 204 行.
NOTIC: [8] Undefined index: cart /Applications/MAMP/htdocs/shop/Runtime/Cache/Home/2a94b8bda04ff446dcedd42276fc99ee.php 第 207 行.
SQL: SELECT `cname` FROM `shop_category` WHERE ( cid=1 ) LIMIT 1   [ RunTime:0.0004s ]
SQL: SELECT `cname` FROM `shop_category` WHERE ( cid=9 ) LIMIT 1   [ RunTime:0.0002s ]
SQL: SELECT `cname` FROM `shop_category` WHERE ( cid=10 ) LIMIT 1   [ RunTime:0.0002s ]
SQL: SELECT `cname` FROM `shop_category` WHERE ( cid=11 ) LIMIT 1   [ RunTime:0.0002s ]
SQL: SELECT `cname` FROM `shop_category` WHERE ( cid=1 ) LIMIT 1   [ RunTime:0.0002s ]
NOTIC: [8] Array to string conversion /Applications/MAMP/htdocs/shop/Runtime/Cache/Home/2a94b8bda04ff446dcedd42276fc99ee.php 第 469 行.
NOTIC: [8] Array to string conversion /Applications/MAMP/htdocs/shop/Runtime/Cache/Home/2a94b8bda04ff446dcedd42276fc99ee.php 第 469 行.
NOTIC: [8] Array to string conversion /Applications/MAMP/htdocs/shop/Runtime/Cache/Home/2a94b8bda04ff446dcedd42276fc99ee.php 第 469 行.
NOTIC: [8] Array to string conversion /Applications/MAMP/htdocs/shop/Runtime/Cache/Home/2a94b8bda04ff446dcedd42276fc99ee.php 第 469 行.
SQL: SELECT `cname` FROM `shop_category` WHERE ( cid=9 ) LIMIT 1   [ RunTime:0.0002s ]
SQL: SELECT `cname` FROM `shop_category` WHERE ( cid=10 ) LIMIT 1   [ RunTime:0.0002s ]
NOTIC: [8] Array to string conversion /Applications/MAMP/htdocs/shop/Runtime/Cache/Home/2a94b8bda04ff446dcedd42276fc99ee.php 第 469 行.
NOTIC: [8] Array to string conversion /Applications/MAMP/htdocs/shop/Runtime/Cache/Home/2a94b8bda04ff446dcedd42276fc99ee.php 第 469 行.
NOTIC: [8] Array to string conversion /Applications/MAMP/htdocs/shop/Runtime/Cache/Home/2a94b8bda04ff446dcedd42276fc99ee.php 第 469 行.
NOTIC: [8] Array to string conversion /Applications/MAMP/htdocs/shop/Runtime/Cache/Home/2a94b8bda04ff446dcedd42276fc99ee.php 第 469 行.
INFO: Run Behavior\ParseTemplateBehavior [ RunTime:0.031556s ]
INFO: [ view_parse ] --END-- [ RunTime:0.031636s ]
INFO: [ view_filter ] --START--
INFO: Run Behavior\WriteHtmlCacheBehavior [ RunTime:0.000521s ]
INFO: [ view_filter ] --END-- [ RunTime:0.000588s ]
INFO: [ app_end ] --START--
INFO: Run Behavior\ShowPageTraceBehavior [ RunTime:0.001011s ]
INFO: [ app_end ] --END-- [ RunTime:0.001126s ]

[ 2017-04-22T11:06:00+08:00 ] ::1 /shop/index.php/home/content/index/gid/11.html
INFO: [ app_init ] --START--
INFO: Run Behavior\BuildLiteBehavior [ RunTime:0.000018s ]
INFO: [ app_init ] --END-- [ RunTime:0.000358s ]
INFO: [ app_begin ] --START--
INFO: Run Behavior\ReadHtmlCacheBehavior [ RunTime:0.000754s ]
SQL: SHOW COLUMNS FROM `shop_config` [ RunTime:0.0018s ]
SQL: SELECT * FROM `shop_config` WHERE `id` = 1 LIMIT 1   [ RunTime:0.0003s ]
INFO: Run Common\Behaviors\AppBehavior [ RunTime:0.010182s ]
INFO: [ app_begin ] --END-- [ RunTime:0.011007s ]
SQL: SHOW COLUMNS FROM `shop_category` [ RunTime:0.0025s ]
SQL: SELECT `cid` FROM `shop_category` WHERE ( pid=0 )  [ RunTime:0.0004s ]
SQL: SELECT * FROM `shop_category`  [ RunTime:0.0005s ]
SQL: SHOW COLUMNS FROM `shop_goods` [ RunTime:0.0011s ]
SQL: SELECT `gid` FROM `shop_goods` WHERE ( cid in (2,3,4,5,6,7,14,22,1) )  [ RunTime:0.0003s ]
SQL: SELECT * FROM `shop_goods` WHERE ( gid in (1,8,7,6,5,29,30,31,32,33,34,35,36,37) )  [ RunTime:0.0004s ]
SQL: SELECT * FROM `shop_category`  [ RunTime:0.0003s ]
SQL: SELECT `gid` FROM `shop_goods` WHERE ( cid in (23,24,9) )  [ RunTime:0.0003s ]
SQL: SELECT * FROM `shop_goods` WHERE ( gid in (38,39,40,41) )  [ RunTime:0.0003s ]
SQL: SELECT * FROM `shop_category`  [ RunTime:0.0003s ]
SQL: SELECT `gid` FROM `shop_goods` WHERE ( cid in (17,18,19,20,21,10) )  [ RunTime:0.0003s ]
SQL: SELECT * FROM `shop_goods` WHERE ( gid in (9,10,11,12,13,14,15,16,17,18,19,20,21,22,23,24,25,26,27) )  [ RunTime:0.0004s ]
SQL: SELECT * FROM `shop_category`  [ RunTime:0.0003s ]
SQL: SELECT `gid` FROM `shop_goods` WHERE ( cid in (11) )  [ RunTime:0.0003s ]
SQL: SELECT * FROM `shop_category`  [ RunTime:0.0003s ]
SQL: SELECT `gid` FROM `shop_goods` WHERE ( cid in (12) )  [ RunTime:0.0003s ]
SQL: SELECT * FROM `shop_category`  [ RunTime:0.0002s ]
SQL: SELECT `gid` FROM `shop_goods` WHERE ( cid in (13) )  [ RunTime:0.0002s ]
SQL: SELECT * FROM `shop_category`  [ RunTime:0.0003s ]
SQL: SELECT `gid` FROM `shop_goods` WHERE ( cid in (15) )  [ RunTime:0.0002s ]
SQL: SELECT * FROM `shop_category`  [ RunTime:0.0003s ]
SQL: SELECT `gid` FROM `shop_goods` WHERE ( cid in (16) )  [ RunTime:0.0003s ]
SQL: SELECT * FROM `shop_goods`  [ RunTime:0.0005s ]
SQL: SHOW COLUMNS FROM `shop_typeattribute` [ RunTime:0.0011s ]
SQL: SELECT * FROM shop_typeattribute ta INNER JOIN shop_goodsattri ga on ta.taid=ga.taid  WHERE ( gid=11 and ta.tatype='规格'  )  [ RunTime:0.0006s ]
SQL: SELECT * FROM `shop_goods` WHERE ( gid=11 ) LIMIT 1   [ RunTime:0.0003s ]
SQL: SELECT `total` FROM `shop_goods` WHERE ( gid=11 ) LIMIT 1   [ RunTime:0.0002s ]
SQL: SHOW COLUMNS FROM `shop_goodsattri` [ RunTime:0.0007s ]
SQL: SELECT * FROM shop_goodsattri ga INNER JOIN shop_typeattribute ta ON ga.taid = ta.taid  WHERE ( gid = 11 and ta.tatype='属性' )  [ RunTime:0.0003s ]
SQL: SHOW COLUMNS FROM `shop_gooddetail` [ RunTime:0.0011s ]
SQL: SELECT * FROM `shop_gooddetail` WHERE ( gid=11 ) LIMIT 1   [ RunTime:0.0003s ]
NOTIC: [8] Undefined index: puid /Applications/MAMP/htdocs/shop/Application/Home/Controller/ContentController.class.php 第 65 行.
ERR: 1146:Table 'c79_wanganqi.shop_mylove' doesn't exist
 [ SQL语句 ] : SHOW COLUMNS FROM `shop_mylove`
ERR: 1146:Table 'c79_wanganqi.shop_mylove' doesn't exist
 [ SQL语句 ] : SHOW COLUMNS FROM `shop_mylove`

